-------------------------------------------------------------------------------
Test set: contextTest.SpringContextTest
-------------------------------------------------------------------------------
Tests run: 1, Failures: 0, Errors: 1, Skipped: 0, Time elapsed: 4.121 s <<< FAILURE! - in contextTest.SpringContextTest
whenSpringContextIsBootstrapped_thenNoExceptions  Time elapsed: 0.009 s  <<< ERROR!
java.lang.IllegalStateException: Failed to load ApplicationContext
Caused by: org.springframework.beans.factory.UnsatisfiedDependencyException: Error creating bean with name 'init' defined in application.Application: Unsatisfied dependency expressed through method 'init' parameter 0; nested exception is org.springframework.beans.factory.NoSuchBeanDefinitionException: No qualifying bean of type 'repositories.UserRepository' available: expected at least 1 bean which qualifies as autowire candidate. Dependency annotations: {}
Caused by: org.springframework.beans.factory.NoSuchBeanDefinitionException: No qualifying bean of type 'repositories.UserRepository' available: expected at least 1 bean which qualifies as autowire candidate. Dependency annotations: {}

