-------------------------------------------------------------------------------
Test set: org.baeldung.SpringContextTest
-------------------------------------------------------------------------------
Tests run: 1, Failures: 0, Errors: 1, Skipped: 0, Time elapsed: 0.003 s <<< FAILURE! - in org.baeldung.SpringContextTest
whenSpringContextIsBootstrapped_thenNoExceptions  Time elapsed: 0.003 s  <<< ERROR!
java.lang.Error: 
Unresolved compilation problem: 
	The declared package "com.baeldung" does not match the expected package "org.baeldung"

	at org.baeldung.SpringContextTest.<init>(SpringContextTest.java:1)

